# JRE version: OpenJDK Runtime Environment (8.0_212-b03) (build 1.8.0_212-8u212-b03-0ubuntu1.16.04.1-b03)
# Java VM: OpenJDK 64-Bit Server VM (25.212-b03 mixed mode linux-amd64 compressed oops)
Heap:
 PSYoungGen      total 107008K, used 7074K [0x00000000f0780000, 0x00000000f7880000, 0x0000000100000000)
  eden space 98304K, 0% used [0x00000000f0780000,0x00000000f0780000,0x00000000f6780000)
  from space 8704K, 81% used [0x00000000f6780000,0x00000000f6e68b58,0x00000000f7000000)
  to   space 8192K, 0% used [0x00000000f7080000,0x00000000f7080000,0x00000000f7880000)
 ParOldGen       total 36864K, used 12481K [0x00000000d1600000, 0x00000000d3a00000, 0x00000000f0780000)
  object space 36864K, 33% used [0x00000000d1600000,0x00000000d2230530,0x00000000d3a00000)
 Metaspace       used 24271K, capacity 24552K, committed 24704K, reserved 1071104K
  class space    used 3353K, capacity 3422K, committed 3456K, reserved 1048576K
GC Heap History (10 events):
Event: 1.150 GC heap after
Heap after GC invocations=3 (full 0):
 PSYoungGen      total 26624K, used 2016K [0x00000000f0780000, 0x00000000f3b80000, 0x0000000100000000)
  eden space 24576K, 0% used [0x00000000f0780000,0x00000000f0780000,0x00000000f1f80000)
  from space 2048K, 98% used [0x00000000f1f80000,0x00000000f2178020,0x00000000f2180000)
  to   space 2048K, 0% used [0x00000000f3980000,0x00000000f3980000,0x00000000f3b80000)
 ParOldGen       total 32768K, used 3350K [0x00000000d1600000, 0x00000000d3600000, 0x00000000f0780000)
  object space 32768K, 10% used [0x00000000d1600000,0x00000000d19459b0,0x00000000d3600000)
 Metaspace       used 8681K, capacity 8928K, committed 8960K, reserved 1056768K
  class space    used 1155K, capacity 1248K, committed 1280K, reserved 1048576K
}
Event: 1.625 GC heap before
{Heap before GC invocations=4 (full 0):
 PSYoungGen      total 26624K, used 26592K [0x00000000f0780000, 0x00000000f3b80000, 0x0000000100000000)
  eden space 24576K, 100% used [0x00000000f0780000,0x00000000f1f80000,0x00000000f1f80000)
  from space 2048K, 98% used [0x00000000f1f80000,0x00000000f2178020,0x00000000f2180000)
  to   space 2048K, 0% used [0x00000000f3980000,0x00000000f3980000,0x00000000f3b80000)
 ParOldGen       total 32768K, used 3350K [0x00000000d1600000, 0x00000000d3600000, 0x00000000f0780000)
  object space 32768K, 10% used [0x00000000d1600000,0x00000000d19459b0,0x00000000d3600000)
 Metaspace       used 13895K, capacity 14112K, committed 14208K, reserved 1060864K
  class space    used 1812K, capacity 1888K, committed 1920K, reserved 1048576K
Event: 1.631 GC heap after
Heap after GC invocations=4 (full 0):
 PSYoungGen      total 51200K, used 2032K [0x00000000f0780000, 0x00000000f3b80000, 0x0000000100000000)
  eden space 49152K, 0% used [0x00000000f0780000,0x00000000f0780000,0x00000000f3780000)
  from space 2048K, 99% used [0x00000000f3980000,0x00000000f3b7c050,0x00000000f3b80000)
  to   space 2048K, 0% used [0x00000000f3780000,0x00000000f3780000,0x00000000f3980000)
 ParOldGen       total 32768K, used 7903K [0x00000000d1600000, 0x00000000d3600000, 0x00000000f0780000)
  object space 32768K, 24% used [0x00000000d1600000,0x00000000d1db7fd8,0x00000000d3600000)
 Metaspace       used 13895K, capacity 14112K, committed 14208K, reserved 1060864K
  class space    used 1812K, capacity 1888K, committed 1920K, reserved 1048576K
}
Event: 2.315 GC heap before
{Heap before GC invocations=5 (full 0):
 PSYoungGen      total 51200K, used 51184K [0x00000000f0780000, 0x00000000f3b80000, 0x0000000100000000)
  eden space 49152K, 100% used [0x00000000f0780000,0x00000000f3780000,0x00000000f3780000)
  from space 2048K, 99% used [0x00000000f3980000,0x00000000f3b7c050,0x00000000f3b80000)
  to   space 2048K, 0% used [0x00000000f3780000,0x00000000f3780000,0x00000000f3980000)
 ParOldGen       total 32768K, used 7903K [0x00000000d1600000, 0x00000000d3600000, 0x00000000f0780000)
  object space 32768K, 24% used [0x00000000d1600000,0x00000000d1db7fd8,0x00000000d3600000)
 Metaspace       used 18478K, capacity 18712K, committed 18816K, reserved 1064960K
  class space    used 2535K, capacity 2630K, committed 2688K, reserved 1048576K
Event: 2.325 GC heap after
Heap after GC invocations=5 (full 0):
 PSYoungGen      total 51200K, used 2032K [0x00000000f0780000, 0x00000000f7980000, 0x0000000100000000)
  eden space 49152K, 0% used [0x00000000f0780000,0x00000000f0780000,0x00000000f3780000)
  from space 2048K, 99% used [0x00000000f3780000,0x00000000f397c030,0x00000000f3980000)
  to   space 9216K, 0% used [0x00000000f7080000,0x00000000f7080000,0x00000000f7980000)
 ParOldGen       total 32768K, used 13526K [0x00000000d1600000, 0x00000000d3600000, 0x00000000f0780000)
  object space 32768K, 41% used [0x00000000d1600000,0x00000000d2335a68,0x00000000d3600000)
 Metaspace       used 18478K, capacity 18712K, committed 18816K, reserved 1064960K
  class space    used 2535K, capacity 2630K, committed 2688K, reserved 1048576K
}
Event: 2.640 GC heap before
{Heap before GC invocations=6 (full 0):
 PSYoungGen      total 51200K, used 32141K [0x00000000f0780000, 0x00000000f7980000, 0x0000000100000000)
  eden space 49152K, 61% used [0x00000000f0780000,0x00000000f24e7560,0x00000000f3780000)
  from space 2048K, 99% used [0x00000000f3780000,0x00000000f397c030,0x00000000f3980000)
  to   space 9216K, 0% used [0x00000000f7080000,0x00000000f7080000,0x00000000f7980000)
 ParOldGen       total 32768K, used 13526K [0x00000000d1600000, 0x00000000d3600000, 0x00000000f0780000)
  object space 32768K, 41% used [0x00000000d1600000,0x00000000d2335a68,0x00000000d3600000)
 Metaspace       used 20939K, capacity 21194K, committed 21296K, reserved 1067008K
  class space    used 2826K, capacity 2899K, committed 2944K, reserved 1048576K
Event: 2.648 GC heap after
Heap after GC invocations=6 (full 0):
 PSYoungGen      total 106496K, used 4853K [0x00000000f0780000, 0x00000000f7880000, 0x0000000100000000)
  eden space 98304K, 0% used [0x00000000f0780000,0x00000000f0780000,0x00000000f6780000)
  from space 8192K, 59% used [0x00000000f7080000,0x00000000f753d7a8,0x00000000f7880000)
  to   space 8704K, 0% used [0x00000000f6780000,0x00000000f6780000,0x00000000f7000000)
 ParOldGen       total 32768K, used 13534K [0x00000000d1600000, 0x00000000d3600000, 0x00000000f0780000)
  object space 32768K, 41% used [0x00000000d1600000,0x00000000d2337a68,0x00000000d3600000)
 Metaspace       used 20939K, capacity 21194K, committed 21296K, reserved 1067008K
  class space    used 2826K, capacity 2899K, committed 2944K, reserved 1048576K
}
Event: 2.648 GC heap before
{Heap before GC invocations=7 (full 1):
 PSYoungGen      total 106496K, used 4853K [0x00000000f0780000, 0x00000000f7880000, 0x0000000100000000)
  eden space 98304K, 0% used [0x00000000f0780000,0x00000000f0780000,0x00000000f6780000)
  from space 8192K, 59% used [0x00000000f7080000,0x00000000f753d7a8,0x00000000f7880000)
  to   space 8704K, 0% used [0x00000000f6780000,0x00000000f6780000,0x00000000f7000000)
 ParOldGen       total 32768K, used 13534K [0x00000000d1600000, 0x00000000d3600000, 0x00000000f0780000)
  object space 32768K, 41% used [0x00000000d1600000,0x00000000d2337a68,0x00000000d3600000)
 Metaspace       used 20939K, capacity 21194K, committed 21296K, reserved 1067008K
  class space    used 2826K, capacity 2899K, committed 2944K, reserved 1048576K
Event: 2.687 GC heap after
Heap after GC invocations=7 (full 1):
 PSYoungGen      total 106496K, used 0K [0x00000000f0780000, 0x00000000f7880000, 0x0000000100000000)
  eden space 98304K, 0% used [0x00000000f0780000,0x00000000f0780000,0x00000000f6780000)
  from space 8192K, 0% used [0x00000000f7080000,0x00000000f7080000,0x00000000f7880000)
  to   space 8704K, 0% used [0x00000000f6780000,0x00000000f6780000,0x00000000f7000000)
 ParOldGen       total 36864K, used 12473K [0x00000000d1600000, 0x00000000d3a00000, 0x00000000f0780000)
  object space 36864K, 33% used [0x00000000d1600000,0x00000000d222e530,0x00000000d3a00000)
 Metaspace       used 20939K, capacity 21194K, committed 21296K, reserved 1067008K
  class space    used 2826K, capacity 2899K, committed 2944K, reserved 1048576K
}
Event: 35.242 GC heap before
{Heap before GC invocations=8 (full 1):
 PSYoungGen      total 106496K, used 98304K [0x00000000f0780000, 0x00000000f7880000, 0x0000000100000000)
  eden space 98304K, 100% used [0x00000000f0780000,0x00000000f6780000,0x00000000f6780000)
  from space 8192K, 0% used [0x00000000f7080000,0x00000000f7080000,0x00000000f7880000)
  to   space 8704K, 0% used [0x00000000f6780000,0x00000000f6780000,0x00000000f7000000)
 ParOldGen       total 36864K, used 12473K [0x00000000d1600000, 0x00000000d3a00000, 0x00000000f0780000)
  object space 36864K, 33% used [0x00000000d1600000,0x00000000d222e530,0x00000000d3a00000)
 Metaspace       used 24271K, capacity 24552K, committed 24704K, reserved 1071104K
  class space    used 3353K, capacity 3422K, committed 3456K, reserved 1048576K

