# JRE version: OpenJDK Runtime Environment (8.0_212-b03) (build 1.8.0_212-8u212-b03-0ubuntu1.16.04.1-b03)
# Java VM: OpenJDK 64-Bit Server VM (25.212-b03 mixed mode linux-amd64 compressed oops)
Heap:
 PSYoungGen      total 105472K, used 7102K [0x00000000f0780000, 0x00000000f7680000, 0x0000000100000000)
  eden space 97280K, 0% used [0x00000000f0780000,0x00000000f0780000,0x00000000f6680000)
  from space 8192K, 86% used [0x00000000f6680000,0x00000000f6d6f9e8,0x00000000f6e80000)
  to   space 7680K, 0% used [0x00000000f6f00000,0x00000000f6f00000,0x00000000f7680000)
 ParOldGen       total 30208K, used 10303K [0x00000000d1600000, 0x00000000d3380000, 0x00000000f0780000)
  object space 30208K, 34% used [0x00000000d1600000,0x00000000d200fcd8,0x00000000d3380000)
 Metaspace       used 24293K, capacity 24616K, committed 24704K, reserved 1071104K
  class space    used 3353K, capacity 3422K, committed 3456K, reserved 1048576K
GC Heap History (10 events):
Event: 1.321 GC heap after
Heap after GC invocations=5 (full 0):
 PSYoungGen      total 26624K, used 2032K [0x00000000f0780000, 0x00000000f4380000, 0x0000000100000000)
  eden space 24576K, 0% used [0x00000000f0780000,0x00000000f0780000,0x00000000f1f80000)
  from space 2048K, 99% used [0x00000000f1f80000,0x00000000f217c030,0x00000000f2180000)
  to   space 6144K, 0% used [0x00000000f3d80000,0x00000000f3d80000,0x00000000f4380000)
 ParOldGen       total 32768K, used 7904K [0x00000000d1600000, 0x00000000d3600000, 0x00000000f0780000)
  object space 32768K, 24% used [0x00000000d1600000,0x00000000d1db81a8,0x00000000d3600000)
 Metaspace       used 13882K, capacity 14048K, committed 14208K, reserved 1060864K
  class space    used 1813K, capacity 1888K, committed 1920K, reserved 1048576K
}
Event: 1.719 GC heap before
{Heap before GC invocations=6 (full 0):
 PSYoungGen      total 26624K, used 26608K [0x00000000f0780000, 0x00000000f4380000, 0x0000000100000000)
  eden space 24576K, 100% used [0x00000000f0780000,0x00000000f1f80000,0x00000000f1f80000)
  from space 2048K, 99% used [0x00000000f1f80000,0x00000000f217c030,0x00000000f2180000)
  to   space 6144K, 0% used [0x00000000f3d80000,0x00000000f3d80000,0x00000000f4380000)
 ParOldGen       total 32768K, used 7904K [0x00000000d1600000, 0x00000000d3600000, 0x00000000f0780000)
  object space 32768K, 24% used [0x00000000d1600000,0x00000000d1db81a8,0x00000000d3600000)
 Metaspace       used 16490K, capacity 16652K, committed 16896K, reserved 1064960K
  class space    used 2198K, capacity 2243K, committed 2304K, reserved 1048576K
Event: 1.726 GC heap after
Heap after GC invocations=6 (full 0):
 PSYoungGen      total 54784K, used 5235K [0x00000000f0780000, 0x00000000f4480000, 0x0000000100000000)
  eden space 48640K, 0% used [0x00000000f0780000,0x00000000f0780000,0x00000000f3700000)
  from space 6144K, 85% used [0x00000000f3d80000,0x00000000f429ce48,0x00000000f4380000)
  to   space 6656K, 0% used [0x00000000f3700000,0x00000000f3700000,0x00000000f3d80000)
 ParOldGen       total 32768K, used 7912K [0x00000000d1600000, 0x00000000d3600000, 0x00000000f0780000)
  object space 32768K, 24% used [0x00000000d1600000,0x00000000d1dba1a8,0x00000000d3600000)
 Metaspace       used 16490K, capacity 16652K, committed 16896K, reserved 1064960K
  class space    used 2198K, capacity 2243K, committed 2304K, reserved 1048576K
}
Event: 2.335 GC heap before
{Heap before GC invocations=7 (full 0):
 PSYoungGen      total 54784K, used 53875K [0x00000000f0780000, 0x00000000f4480000, 0x0000000100000000)
  eden space 48640K, 100% used [0x00000000f0780000,0x00000000f3700000,0x00000000f3700000)
  from space 6144K, 85% used [0x00000000f3d80000,0x00000000f429ce48,0x00000000f4380000)
  to   space 6656K, 0% used [0x00000000f3700000,0x00000000f3700000,0x00000000f3d80000)
 ParOldGen       total 32768K, used 7912K [0x00000000d1600000, 0x00000000d3600000, 0x00000000f0780000)
  object space 32768K, 24% used [0x00000000d1600000,0x00000000d1dba1a8,0x00000000d3600000)
 Metaspace       used 20475K, capacity 20740K, committed 20864K, reserved 1067008K
  class space    used 2747K, capacity 2834K, committed 2944K, reserved 1048576K
Event: 2.349 GC heap after
Heap after GC invocations=7 (full 0):
 PSYoungGen      total 55296K, used 6653K [0x00000000f0780000, 0x00000000f7780000, 0x0000000100000000)
  eden space 48640K, 0% used [0x00000000f0780000,0x00000000f0780000,0x00000000f3700000)
  from space 6656K, 99% used [0x00000000f3700000,0x00000000f3d7f638,0x00000000f3d80000)
  to   space 8704K, 0% used [0x00000000f6f00000,0x00000000f6f00000,0x00000000f7780000)
 ParOldGen       total 32768K, used 9315K [0x00000000d1600000, 0x00000000d3600000, 0x00000000f0780000)
  object space 32768K, 28% used [0x00000000d1600000,0x00000000d1f18d78,0x00000000d3600000)
 Metaspace       used 20475K, capacity 20740K, committed 20864K, reserved 1067008K
  class space    used 2747K, capacity 2834K, committed 2944K, reserved 1048576K
}
Event: 2.446 GC heap before
{Heap before GC invocations=8 (full 0):
 PSYoungGen      total 55296K, used 13464K [0x00000000f0780000, 0x00000000f7780000, 0x0000000100000000)
  eden space 48640K, 14% used [0x00000000f0780000,0x00000000f0e26a18,0x00000000f3700000)
  from space 6656K, 99% used [0x00000000f3700000,0x00000000f3d7f638,0x00000000f3d80000)
  to   space 8704K, 0% used [0x00000000f6f00000,0x00000000f6f00000,0x00000000f7780000)
 ParOldGen       total 32768K, used 9315K [0x00000000d1600000, 0x00000000d3600000, 0x00000000f0780000)
  object space 32768K, 28% used [0x00000000d1600000,0x00000000d1f18d78,0x00000000d3600000)
 Metaspace       used 21006K, capacity 21232K, committed 21296K, reserved 1067008K
  class space    used 2847K, capacity 2932K, committed 2944K, reserved 1048576K
Event: 2.461 GC heap after
Heap after GC invocations=8 (full 0):
 PSYoungGen      total 104960K, used 4193K [0x00000000f0780000, 0x00000000f7680000, 0x0000000100000000)
  eden space 97280K, 0% used [0x00000000f0780000,0x00000000f0780000,0x00000000f6680000)
  from space 7680K, 54% used [0x00000000f6f00000,0x00000000f73184a8,0x00000000f7680000)
  to   space 8192K, 0% used [0x00000000f6680000,0x00000000f6680000,0x00000000f6e80000)
 ParOldGen       total 32768K, used 9908K [0x00000000d1600000, 0x00000000d3600000, 0x00000000f0780000)
  object space 32768K, 30% used [0x00000000d1600000,0x00000000d1fad310,0x00000000d3600000)
 Metaspace       used 21006K, capacity 21232K, committed 21296K, reserved 1067008K
  class space    used 2847K, capacity 2932K, committed 2944K, reserved 1048576K
}
Event: 2.461 GC heap before
{Heap before GC invocations=9 (full 1):
 PSYoungGen      total 104960K, used 4193K [0x00000000f0780000, 0x00000000f7680000, 0x0000000100000000)
  eden space 97280K, 0% used [0x00000000f0780000,0x00000000f0780000,0x00000000f6680000)
  from space 7680K, 54% used [0x00000000f6f00000,0x00000000f73184a8,0x00000000f7680000)
  to   space 8192K, 0% used [0x00000000f6680000,0x00000000f6680000,0x00000000f6e80000)
 ParOldGen       total 32768K, used 9908K [0x00000000d1600000, 0x00000000d3600000, 0x00000000f0780000)
  object space 32768K, 30% used [0x00000000d1600000,0x00000000d1fad310,0x00000000d3600000)
 Metaspace       used 21006K, capacity 21232K, committed 21296K, reserved 1067008K
  class space    used 2847K, capacity 2932K, committed 2944K, reserved 1048576K
Event: 2.521 GC heap after
Heap after GC invocations=9 (full 1):
 PSYoungGen      total 104960K, used 0K [0x00000000f0780000, 0x00000000f7680000, 0x0000000100000000)
  eden space 97280K, 0% used [0x00000000f0780000,0x00000000f0780000,0x00000000f6680000)
  from space 7680K, 0% used [0x00000000f6f00000,0x00000000f6f00000,0x00000000f7680000)
  to   space 8192K, 0% used [0x00000000f6680000,0x00000000f6680000,0x00000000f6e80000)
 ParOldGen       total 30208K, used 10295K [0x00000000d1600000, 0x00000000d3380000, 0x00000000f0780000)
  object space 30208K, 34% used [0x00000000d1600000,0x00000000d200dcd8,0x00000000d3380000)
 Metaspace       used 21006K, capacity 21232K, committed 21296K, reserved 1067008K
  class space    used 2847K, capacity 2932K, committed 2944K, reserved 1048576K
}
Event: 4.365 GC heap before
{Heap before GC invocations=10 (full 1):
 PSYoungGen      total 104960K, used 97280K [0x00000000f0780000, 0x00000000f7680000, 0x0000000100000000)
  eden space 97280K, 100% used [0x00000000f0780000,0x00000000f6680000,0x00000000f6680000)
  from space 7680K, 0% used [0x00000000f6f00000,0x00000000f6f00000,0x00000000f7680000)
  to   space 8192K, 0% used [0x00000000f6680000,0x00000000f6680000,0x00000000f6e80000)
 ParOldGen       total 30208K, used 10295K [0x00000000d1600000, 0x00000000d3380000, 0x00000000f0780000)
  object space 30208K, 34% used [0x00000000d1600000,0x00000000d200dcd8,0x00000000d3380000)
 Metaspace       used 24293K, capacity 24616K, committed 24704K, reserved 1071104K
  class space    used 3353K, capacity 3422K, committed 3456K, reserved 1048576K

