# JRE version: OpenJDK Runtime Environment (8.0_212-b03) (build 1.8.0_212-8u212-b03-0ubuntu1.16.04.1-b03)
# Java VM: OpenJDK 64-Bit Server VM (25.212-b03 mixed mode linux-amd64 compressed oops)
Heap:
 PSYoungGen      total 105472K, used 7091K [0x00000000f0780000, 0x00000000f7680000, 0x0000000100000000)
  eden space 97280K, 0% used [0x00000000f0780000,0x00000000f0780000,0x00000000f6680000)
  from space 8192K, 86% used [0x00000000f6680000,0x00000000f6d6ccf8,0x00000000f6e80000)
  to   space 7680K, 0% used [0x00000000f6f00000,0x00000000f6f00000,0x00000000f7680000)
 ParOldGen       total 31744K, used 10365K [0x00000000d1600000, 0x00000000d3500000, 0x00000000f0780000)
  object space 31744K, 32% used [0x00000000d1600000,0x00000000d201f6d8,0x00000000d3500000)
 Metaspace       used 24273K, capacity 24552K, committed 24704K, reserved 1071104K
  class space    used 3353K, capacity 3422K, committed 3456K, reserved 1048576K
GC Heap History (10 events):
Event: 1.512 GC heap after
Heap after GC invocations=5 (full 0):
 PSYoungGen      total 26624K, used 2048K [0x00000000f0780000, 0x00000000f4380000, 0x0000000100000000)
  eden space 24576K, 0% used [0x00000000f0780000,0x00000000f0780000,0x00000000f1f80000)
  from space 2048K, 100% used [0x00000000f1f80000,0x00000000f2180000,0x00000000f2180000)
  to   space 6144K, 0% used [0x00000000f3d80000,0x00000000f3d80000,0x00000000f4380000)
 ParOldGen       total 32768K, used 7808K [0x00000000d1600000, 0x00000000d3600000, 0x00000000f0780000)
  object space 32768K, 23% used [0x00000000d1600000,0x00000000d1da0250,0x00000000d3600000)
 Metaspace       used 13888K, capacity 14048K, committed 14208K, reserved 1060864K
  class space    used 1813K, capacity 1888K, committed 1920K, reserved 1048576K
}
Event: 1.975 GC heap before
{Heap before GC invocations=6 (full 0):
 PSYoungGen      total 26624K, used 26624K [0x00000000f0780000, 0x00000000f4380000, 0x0000000100000000)
  eden space 24576K, 100% used [0x00000000f0780000,0x00000000f1f80000,0x00000000f1f80000)
  from space 2048K, 100% used [0x00000000f1f80000,0x00000000f2180000,0x00000000f2180000)
  to   space 6144K, 0% used [0x00000000f3d80000,0x00000000f3d80000,0x00000000f4380000)
 ParOldGen       total 32768K, used 7808K [0x00000000d1600000, 0x00000000d3600000, 0x00000000f0780000)
  object space 32768K, 23% used [0x00000000d1600000,0x00000000d1da0250,0x00000000d3600000)
 Metaspace       used 16510K, capacity 16716K, committed 16896K, reserved 1064960K
  class space    used 2198K, capacity 2243K, committed 2304K, reserved 1048576K
Event: 2.000 GC heap after
Heap after GC invocations=6 (full 0):
 PSYoungGen      total 54784K, used 5258K [0x00000000f0780000, 0x00000000f4480000, 0x0000000100000000)
  eden space 48640K, 0% used [0x00000000f0780000,0x00000000f0780000,0x00000000f3700000)
  from space 6144K, 85% used [0x00000000f3d80000,0x00000000f42a2a90,0x00000000f4380000)
  to   space 6656K, 0% used [0x00000000f3700000,0x00000000f3700000,0x00000000f3d80000)
 ParOldGen       total 32768K, used 7816K [0x00000000d1600000, 0x00000000d3600000, 0x00000000f0780000)
  object space 32768K, 23% used [0x00000000d1600000,0x00000000d1da2250,0x00000000d3600000)
 Metaspace       used 16510K, capacity 16716K, committed 16896K, reserved 1064960K
  class space    used 2198K, capacity 2243K, committed 2304K, reserved 1048576K
}
Event: 2.881 GC heap before
{Heap before GC invocations=7 (full 0):
 PSYoungGen      total 54784K, used 53898K [0x00000000f0780000, 0x00000000f4480000, 0x0000000100000000)
  eden space 48640K, 100% used [0x00000000f0780000,0x00000000f3700000,0x00000000f3700000)
  from space 6144K, 85% used [0x00000000f3d80000,0x00000000f42a2a90,0x00000000f4380000)
  to   space 6656K, 0% used [0x00000000f3700000,0x00000000f3700000,0x00000000f3d80000)
 ParOldGen       total 32768K, used 7816K [0x00000000d1600000, 0x00000000d3600000, 0x00000000f0780000)
  object space 32768K, 23% used [0x00000000d1600000,0x00000000d1da2250,0x00000000d3600000)
 Metaspace       used 20410K, capacity 20644K, committed 20736K, reserved 1067008K
  class space    used 2728K, capacity 2802K, committed 2816K, reserved 1048576K
Event: 2.908 GC heap after
Heap after GC invocations=7 (full 0):
 PSYoungGen      total 55296K, used 6651K [0x00000000f0780000, 0x00000000f7780000, 0x0000000100000000)
  eden space 48640K, 0% used [0x00000000f0780000,0x00000000f0780000,0x00000000f3700000)
  from space 6656K, 99% used [0x00000000f3700000,0x00000000f3d7ec78,0x00000000f3d80000)
  to   space 8704K, 0% used [0x00000000f6f00000,0x00000000f6f00000,0x00000000f7780000)
 ParOldGen       total 32768K, used 9225K [0x00000000d1600000, 0x00000000d3600000, 0x00000000f0780000)
  object space 32768K, 28% used [0x00000000d1600000,0x00000000d1f02620,0x00000000d3600000)
 Metaspace       used 20410K, capacity 20644K, committed 20736K, reserved 1067008K
  class space    used 2728K, capacity 2802K, committed 2816K, reserved 1048576K
}
Event: 3.030 GC heap before
{Heap before GC invocations=8 (full 0):
 PSYoungGen      total 55296K, used 14434K [0x00000000f0780000, 0x00000000f7780000, 0x0000000100000000)
  eden space 48640K, 16% used [0x00000000f0780000,0x00000000f0f19d38,0x00000000f3700000)
  from space 6656K, 99% used [0x00000000f3700000,0x00000000f3d7ec78,0x00000000f3d80000)
  to   space 8704K, 0% used [0x00000000f6f00000,0x00000000f6f00000,0x00000000f7780000)
 ParOldGen       total 32768K, used 9225K [0x00000000d1600000, 0x00000000d3600000, 0x00000000f0780000)
  object space 32768K, 28% used [0x00000000d1600000,0x00000000d1f02620,0x00000000d3600000)
 Metaspace       used 21019K, capacity 21232K, committed 21296K, reserved 1067008K
  class space    used 2852K, capacity 2932K, committed 2944K, reserved 1048576K
Event: 3.040 GC heap after
Heap after GC invocations=8 (full 0):
 PSYoungGen      total 104960K, used 4161K [0x00000000f0780000, 0x00000000f7680000, 0x0000000100000000)
  eden space 97280K, 0% used [0x00000000f0780000,0x00000000f0780000,0x00000000f6680000)
  from space 7680K, 54% used [0x00000000f6f00000,0x00000000f73104a8,0x00000000f7680000)
  to   space 8192K, 0% used [0x00000000f6680000,0x00000000f6680000,0x00000000f6e80000)
 ParOldGen       total 32768K, used 9850K [0x00000000d1600000, 0x00000000d3600000, 0x00000000f0780000)
  object space 32768K, 30% used [0x00000000d1600000,0x00000000d1f9ebb8,0x00000000d3600000)
 Metaspace       used 21019K, capacity 21232K, committed 21296K, reserved 1067008K
  class space    used 2852K, capacity 2932K, committed 2944K, reserved 1048576K
}
Event: 3.040 GC heap before
{Heap before GC invocations=9 (full 1):
 PSYoungGen      total 104960K, used 4161K [0x00000000f0780000, 0x00000000f7680000, 0x0000000100000000)
  eden space 97280K, 0% used [0x00000000f0780000,0x00000000f0780000,0x00000000f6680000)
  from space 7680K, 54% used [0x00000000f6f00000,0x00000000f73104a8,0x00000000f7680000)
  to   space 8192K, 0% used [0x00000000f6680000,0x00000000f6680000,0x00000000f6e80000)
 ParOldGen       total 32768K, used 9850K [0x00000000d1600000, 0x00000000d3600000, 0x00000000f0780000)
  object space 32768K, 30% used [0x00000000d1600000,0x00000000d1f9ebb8,0x00000000d3600000)
 Metaspace       used 21019K, capacity 21232K, committed 21296K, reserved 1067008K
  class space    used 2852K, capacity 2932K, committed 2944K, reserved 1048576K
Event: 3.121 GC heap after
Heap after GC invocations=9 (full 1):
 PSYoungGen      total 104960K, used 0K [0x00000000f0780000, 0x00000000f7680000, 0x0000000100000000)
  eden space 97280K, 0% used [0x00000000f0780000,0x00000000f0780000,0x00000000f6680000)
  from space 7680K, 0% used [0x00000000f6f00000,0x00000000f6f00000,0x00000000f7680000)
  to   space 8192K, 0% used [0x00000000f6680000,0x00000000f6680000,0x00000000f6e80000)
 ParOldGen       total 31744K, used 10365K [0x00000000d1600000, 0x00000000d3500000, 0x00000000f0780000)
  object space 31744K, 32% used [0x00000000d1600000,0x00000000d201f6d8,0x00000000d3500000)
 Metaspace       used 21019K, capacity 21232K, committed 21296K, reserved 1067008K
  class space    used 2852K, capacity 2932K, committed 2944K, reserved 1048576K
}
Event: 6.154 GC heap before
{Heap before GC invocations=10 (full 1):
 PSYoungGen      total 104960K, used 97280K [0x00000000f0780000, 0x00000000f7680000, 0x0000000100000000)
  eden space 97280K, 100% used [0x00000000f0780000,0x00000000f6680000,0x00000000f6680000)
  from space 7680K, 0% used [0x00000000f6f00000,0x00000000f6f00000,0x00000000f7680000)
  to   space 8192K, 0% used [0x00000000f6680000,0x00000000f6680000,0x00000000f6e80000)
 ParOldGen       total 31744K, used 10365K [0x00000000d1600000, 0x00000000d3500000, 0x00000000f0780000)
  object space 31744K, 32% used [0x00000000d1600000,0x00000000d201f6d8,0x00000000d3500000)
 Metaspace       used 24273K, capacity 24552K, committed 24704K, reserved 1071104K
  class space    used 3353K, capacity 3422K, committed 3456K, reserved 1048576K

